<?xml version="1.0" encoding="UTF-8"?>
<!-- Generated by org.testng.reporters.JUnitReportReporter -->
<testsuite skipped="0" hostname="1EHXRZ9OR0QUTOF" name="shao.hashnode.dev.TestNGMain" tests="1" failures="0" timestamp="2021-07-04T01:49:19 EDT" time="0.014" errors="0">
  <testcase name="f" time="0.014" classname="shao.hashnode.dev.TestNGMain"/>
  <system-out/>
</testsuite> <!-- shao.hashnode.dev.TestNGMain -->
